<?xml version="1.0" encoding="UTF-8"?>
<!-- Generated by org.testng.reporters.JUnitXMLReporter -->
<testsuite ignored="0" hostname="Rishis-MacBook-Pro.local" failures="0" tests="4" name="Default test" time="11.548" errors="0" timestamp="2022-05-16T20:22:04 PDT">
  <testcase classname="ApachePOITests.DataDriven_Excel_LoginTest" name="loginTest" time="3.587"/>
  <testcase classname="ApachePOITests.DataDriven_Excel_LoginTest" name="loginTest" time="0.685"/>
  <testcase classname="ApachePOITests.DataDriven_Excel_LoginTest" name="loginTest" time="0.653"/>
  <testcase classname="ApachePOITests.DataDriven_Excel_LoginTest" name="loginTest" time="0.648"/>
</testsuite> <!-- Default test -->
