<?xml version="1.0" encoding="UTF-8"?>
<testng-results ignored="0" total="4" passed="4" failed="0" skipped="0">
  <reporter-output>
  </reporter-output>
  <suite started-at="2022-05-16T20:21:53 PDT" name="Default suite" finished-at="2022-05-16T20:22:04 PDT" duration-ms="11548">
    <groups>
    </groups>
    <test started-at="2022-05-16T20:21:53 PDT" name="Default test" finished-at="2022-05-16T20:22:04 PDT" duration-ms="11548">
      <class name="ApachePOITests.DataDriven_Excel_LoginTest">
        <test-method is-config="true" signature="setup()[pri:0, instance:ApachePOITests.DataDriven_Excel_LoginTest@130c12b7]" started-at="2022-05-16T20:21:53 PDT" name="setup" finished-at="2022-05-16T20:21:57 PDT" duration-ms="4480" status="PASS">
          <reporter-output>
          </reporter-output>
        </test-method> <!-- setup -->
        <test-method signature="loginTest(java.lang.String,java.lang.String,java.lang.String)[pri:0, instance:ApachePOITests.DataDriven_Excel_LoginTest@130c12b7]" started-at="2022-05-16T20:21:58 PDT" name="loginTest" data-provider="LoginData" finished-at="2022-05-16T20:22:02 PDT" duration-ms="3587" status="PASS">
          <params>
            <param index="0">
              <value>
                <![CDATA[admin@yourstore.com]]>
              </value>
            </param>
            <param index="1">
              <value>
                <![CDATA[admin]]>
              </value>
            </param>
            <param index="2">
              <value>
                <![CDATA[Valid]]>
              </value>
            </param>
          </params>
          <reporter-output>
          </reporter-output>
        </test-method> <!-- loginTest -->
        <test-method signature="loginTest(java.lang.String,java.lang.String,java.lang.String)[pri:0, instance:ApachePOITests.DataDriven_Excel_LoginTest@130c12b7]" started-at="2022-05-16T20:22:02 PDT" name="loginTest" data-provider="LoginData" finished-at="2022-05-16T20:22:03 PDT" duration-ms="685" status="PASS">
          <params>
            <param index="0">
              <value>
                <![CDATA[admin@yourstore.com]]>
              </value>
            </param>
            <param index="1">
              <value>
                <![CDATA[admn]]>
              </value>
            </param>
            <param index="2">
              <value>
                <![CDATA[Invalid]]>
              </value>
            </param>
          </params>
          <reporter-output>
          </reporter-output>
        </test-method> <!-- loginTest -->
        <test-method signature="loginTest(java.lang.String,java.lang.String,java.lang.String)[pri:0, instance:ApachePOITests.DataDriven_Excel_LoginTest@130c12b7]" started-at="2022-05-16T20:22:03 PDT" name="loginTest" data-provider="LoginData" finished-at="2022-05-16T20:22:03 PDT" duration-ms="653" status="PASS">
          <params>
            <param index="0">
              <value>
                <![CDATA[adm@yourstore.com]]>
              </value>
            </param>
            <param index="1">
              <value>
                <![CDATA[admin]]>
              </value>
            </param>
            <param index="2">
              <value>
                <![CDATA[Invalid]]>
              </value>
            </param>
          </params>
          <reporter-output>
          </reporter-output>
        </test-method> <!-- loginTest -->
        <test-method signature="loginTest(java.lang.String,java.lang.String,java.lang.String)[pri:0, instance:ApachePOITests.DataDriven_Excel_LoginTest@130c12b7]" started-at="2022-05-16T20:22:03 PDT" name="loginTest" data-provider="LoginData" finished-at="2022-05-16T20:22:04 PDT" duration-ms="648" status="PASS">
          <params>
            <param index="0">
              <value>
                <![CDATA[adm@yourstore.com]]>
              </value>
            </param>
            <param index="1">
              <value>
                <![CDATA[admn]]>
              </value>
            </param>
            <param index="2">
              <value>
                <![CDATA[Invalid]]>
              </value>
            </param>
          </params>
          <reporter-output>
          </reporter-output>
        </test-method> <!-- loginTest -->
        <test-method is-config="true" signature="tearDown()[pri:0, instance:ApachePOITests.DataDriven_Excel_LoginTest@130c12b7]" started-at="2022-05-16T20:22:04 PDT" name="tearDown" finished-at="2022-05-16T20:22:04 PDT" duration-ms="168" status="PASS">
          <reporter-output>
          </reporter-output>
        </test-method> <!-- tearDown -->
      </class> <!-- ApachePOITests.DataDriven_Excel_LoginTest -->
    </test> <!-- Default test -->
  </suite> <!-- Default suite -->
</testng-results>
